<?xml version="1.0" encoding="UTF-8"?>
<!-- Generated by org.testng.reporters.JUnitReportReporter -->
<testsuite skipped="0" hostname="DESKTOP-LPU85BR" name="com.sample.Sample2" tests="6" failures="0" timestamp="06 Aug 2021 06:55:16 GMT" time="0.098" errors="0">
  <testcase name="test3" time="0.006" classname="com.sample.Sample2"/>
  <testcase name="test4" time="0.013" classname="com.sample.Sample2"/>
  <testcase name="test2" time="0.047" classname="com.sample.Sample2"/>
  <testcase name="test5" time="0.005" classname="com.sample.Sample2"/>
  <testcase name="test6" time="0.005" classname="com.sample.Sample2"/>
  <testcase name="test1" time="0.022" classname="com.sample.Sample2"/>
</testsuite> <!-- com.sample.Sample2 -->
