<?xml version="1.0" encoding="UTF-8"?>
<!-- Generated by org.testng.reporters.JUnitReportReporter -->
<testsuite skipped="0" hostname="DESKTOP-LPU85BR" name="com.sample.Day12Groups" tests="1" failures="0" timestamp="05 Aug 2021 07:26:22 GMT" time="2.824" errors="0">
  <testcase name="test1" time="2.824" classname="com.sample.Day12Groups"/>
</testsuite> <!-- com.sample.Day12Groups -->
