<?xml version="1.0" encoding="UTF-8"?>
<!-- Generated by org.testng.reporters.JUnitReportReporter -->
<testsuite skipped="0" hostname="DESKTOP-LPU85BR" name="com.sample.Day11DataProvider" tests="3" failures="0" timestamp="04 Aug 2021 07:16:24 GMT" time="92.854" errors="0">
  <testcase name="test1" time="20.490" classname="com.sample.Day11DataProvider"/>
  <testcase name="test1" time="36.713" classname="com.sample.Day11DataProvider"/>
  <testcase name="test1" time="35.651" classname="com.sample.Day11DataProvider"/>
</testsuite> <!-- com.sample.Day11DataProvider -->
