<?xml version="1.0" encoding="UTF-8"?>
<!-- Generated by org.testng.reporters.JUnitReportReporter -->
<testsuite skipped="0" hostname="DESKTOP-LPU85BR" name="com.sample.Day8TestNG" tests="2" failures="0" timestamp="06 Aug 2021 06:05:00 GMT" time="8.225" errors="0">
  <testcase name="test2" time="0.850" classname="com.sample.Day8TestNG"/>
  <testcase name="test1" time="7.375" classname="com.sample.Day8TestNG"/>
</testsuite> <!-- com.sample.Day8TestNG -->
