<?xml version="1.0" encoding="UTF-8"?>
<!-- Generated by org.testng.reporters.JUnitReportReporter -->
<testsuite skipped="1" hostname="DESKTOP-LPU85BR" name="com.sample.Day9Prio" tests="9" failures="0" timestamp="02 Aug 2021 09:20:24 GMT" time="0.144" errors="0">
  <testcase name="test1" time="0.039" classname="com.sample.Day9Prio"/>
  <testcase name="test4" time="0.015" classname="com.sample.Day9Prio"/>
  <testcase name="test4" time="0.062" classname="com.sample.Day9Prio"/>
  <testcase name="test4" time="0.011" classname="com.sample.Day9Prio"/>
  <testcase name="test4" time="0.006" classname="com.sample.Day9Prio"/>
  <testcase name="test4" time="0.002" classname="com.sample.Day9Prio"/>
  <testcase name="test2" time="0.006" classname="com.sample.Day9Prio"/>
  <testcase name="test3" time="0.003" classname="com.sample.Day9Prio"/>
  <testcase name="test5" classname="com.sample.Day9Prio">
    <skipped/>
  </testcase> <!-- test5 -->
</testsuite> <!-- com.sample.Day9Prio -->
