<?xml version="1.0" encoding="UTF-8"?>
<!-- Generated by org.testng.reporters.JUnitReportReporter -->
<testsuite skipped="0" hostname="DESKTOP-LPU85BR" name="com.sample.Day10Parameters" tests="1" failures="0" timestamp="06 Aug 2021 07:31:43 GMT" time="12.869" errors="0">
  <testcase name="test1" time="12.869" classname="com.sample.Day10Parameters"/>
</testsuite> <!-- com.sample.Day10Parameters -->
